Build started 4/1/2026 4:53:23 PM.
Logging verbosity is set to: Normal.     1>Project "C:\Users\Tam Phuc\Documents\AlphaCinema_Project\backend\src\AlphaCinema.API\AlphaCinema.API.csproj" on node 1 (Restore target(s)).
     1>_GetAllRestoreProjectPathItems:
         Determining projects to restore...
       Restore:
         X.509 certificate chain validation will use the default trust store selected by .NET for code signing.
         X.509 certificate chain validation will use the default trust store selected by .NET for timestamping.
         Assets file has not changed. Skipping assets file writing. Path: C:\Users\Tam Phuc\Documents\AlphaCinema_Project\backend\src\AlphaCinema.Core\obj\project.assets.json
         Restored C:\Users\Tam Phuc\Documents\AlphaCinema_Project\backend\src\AlphaCinema.Core\AlphaCinema.Core.csproj (in 52 ms).
         Assets file has not changed. Skipping assets file writing. Path: C:\Users\Tam Phuc\Documents\AlphaCinema_Project\backend\src\AlphaCinema.Services\obj\project.assets.json
         Assets file has not changed. Skipping assets file writing. Path: C:\Users\Tam Phuc\Documents\AlphaCinema_Project\backend\src\AlphaCinema.API\obj\project.assets.json
         Assets file has not changed. Skipping assets file writing. Path: C:\Users\Tam Phuc\Documents\AlphaCinema_Project\backend\src\AlphaCinema.Infrastructure\obj\project.assets.json
         Restored C:\Users\Tam Phuc\Documents\AlphaCinema_Project\backend\src\AlphaCinema.Services\AlphaCinema.Services.csproj (in 53 ms).
         Restored C:\Users\Tam Phuc\Documents\AlphaCinema_Project\backend\src\AlphaCinema.Infrastructure\AlphaCinema.Infrastructure.csproj (in 53 ms).
         Restored C:\Users\Tam Phuc\Documents\AlphaCinema_Project\backend\src\AlphaCinema.API\AlphaCinema.API.csproj (in 53 ms).
         
         NuGet Config files used:
             C:\Users\Tam Phuc\AppData\Roaming\NuGet\NuGet.Config
             C:\Program Files (x86)\NuGet\Config\Microsoft.VisualStudio.FallbackLocation.config
             C:\Program Files (x86)\NuGet\Config\Microsoft.VisualStudio.Offline.config
         
         Feeds used:
             https://api.nuget.org/v3/index.json
             C:\Program Files (x86)\Microsoft SDKs\NuGetPackages\
             C:\Program Files\dotnet\library-packs
         All projects are up-to-date for restore.
     1>Done Building Project "C:\Users\Tam Phuc\Documents\AlphaCinema_Project\backend\src\AlphaCinema.API\AlphaCinema.API.csproj" (Restore target(s)).
   1:7>Project "C:\Users\Tam Phuc\Documents\AlphaCinema_Project\backend\src\AlphaCinema.API\AlphaCinema.API.csproj" on node 3 (default targets).
   1:7>Project "C:\Users\Tam Phuc\Documents\AlphaCinema_Project\backend\src\AlphaCinema.API\AlphaCinema.API.csproj" (1:7) is building "C:\Users\Tam Phuc\Documents\AlphaCinema_Project\backend\src\AlphaCinema.Core\AlphaCinema.Core.csproj" (2:8) on node 2 (default targets).
     2>GenerateTargetFrameworkMonikerAttribute:
       Skipping target "GenerateTargetFrameworkMonikerAttribute" because all output files are up-to-date with respect to the input files.
       CoreGenerateAssemblyInfo:
       Skipping target "CoreGenerateAssemblyInfo" because all output files are up-to-date with respect to the input files.
       _GenerateSourceLinkFile:
         Source Link file 'obj\Debug\net9.0\AlphaCinema.Core.sourcelink.json' is up-to-date.
       CoreCompile:
       Skipping target "CoreCompile" because all output files are up-to-date with respect to the input files.
       GenerateBuildDependencyFile:
       Skipping target "GenerateBuildDependencyFile" because all output files are up-to-date with respect to the input files.
       CopyFilesToOutputDirectory:
         AlphaCinema.Core -> C:\Users\Tam Phuc\Documents\AlphaCinema_Project\backend\src\AlphaCinema.Core\bin\Debug\net9.0\AlphaCinema.Core.dll
     2>Done Building Project "C:\Users\Tam Phuc\Documents\AlphaCinema_Project\backend\src\AlphaCinema.Core\AlphaCinema.Core.csproj" (default targets).
   1:7>Project "C:\Users\Tam Phuc\Documents\AlphaCinema_Project\backend\src\AlphaCinema.API\AlphaCinema.API.csproj" (1:7) is building "C:\Users\Tam Phuc\Documents\AlphaCinema_Project\backend\src\AlphaCinema.Infrastructure\AlphaCinema.Infrastructure.csproj" (4:7) on node 1 (default targets).
     4>GenerateTargetFrameworkMonikerAttribute:
       Skipping target "GenerateTargetFrameworkMonikerAttribute" because all output files are up-to-date with respect to the input files.
       CoreGenerateAssemblyInfo:
       Skipping target "CoreGenerateAssemblyInfo" because all output files are up-to-date with respect to the input files.
       _GenerateSourceLinkFile:
         Source Link file 'obj\Debug\net9.0\AlphaCinema.Infrastructure.sourcelink.json' is up-to-date.
       CoreCompile:
       Skipping target "CoreCompile" because all output files are up-to-date with respect to the input files.
       GenerateBuildDependencyFile:
       Skipping target "GenerateBuildDependencyFile" because all output files are up-to-date with respect to the input files.
       GenerateBuildRuntimeConfigurationFiles:
       Skipping target "GenerateBuildRuntimeConfigurationFiles" because all output files are up-to-date with respect to the input files.
       CopyFilesToOutputDirectory:
         AlphaCinema.Infrastructure -> C:\Users\Tam Phuc\Documents\AlphaCinema_Project\backend\src\AlphaCinema.Infrastructure\bin\Debug\net9.0\AlphaCinema.Infrastructure.dll
     4>Done Building Project "C:\Users\Tam Phuc\Documents\AlphaCinema_Project\backend\src\AlphaCinema.Infrastructure\AlphaCinema.Infrastructure.csproj" (default targets).
   1:7>Project "C:\Users\Tam Phuc\Documents\AlphaCinema_Project\backend\src\AlphaCinema.API\AlphaCinema.API.csproj" (1:7) is building "C:\Users\Tam Phuc\Documents\AlphaCinema_Project\backend\src\AlphaCinema.Services\AlphaCinema.Services.csproj" (3:6) on node 3 (default targets).
     3>GenerateTargetFrameworkMonikerAttribute:
       Skipping target "GenerateTargetFrameworkMonikerAttribute" because all output files are up-to-date with respect to the input files.
       CoreGenerateAssemblyInfo:
       Skipping target "CoreGenerateAssemblyInfo" because all output files are up-to-date with respect to the input files.
       _GenerateSourceLinkFile:
         Source Link file 'obj\Debug\net9.0\AlphaCinema.Services.sourcelink.json' is up-to-date.
       CoreCompile:
       Skipping target "CoreCompile" because all output files are up-to-date with respect to the input files.
       GenerateBuildDependencyFile:
       Skipping target "GenerateBuildDependencyFile" because all output files are up-to-date with respect to the input files.
       CopyFilesToOutputDirectory:
         AlphaCinema.Services -> C:\Users\Tam Phuc\Documents\AlphaCinema_Project\backend\src\AlphaCinema.Services\bin\Debug\net9.0\AlphaCinema.Services.dll
     3>Done Building Project "C:\Users\Tam Phuc\Documents\AlphaCinema_Project\backend\src\AlphaCinema.Services\AlphaCinema.Services.csproj" (default targets).
     1>GenerateTargetFrameworkMonikerAttribute:
       Skipping target "GenerateTargetFrameworkMonikerAttribute" because all output files are up-to-date with respect to the input files.
       CoreGenerateAssemblyInfo:
       Skipping target "CoreGenerateAssemblyInfo" because all output files are up-to-date with respect to the input files.
       _DiscoverMvcApplicationParts:
       Skipping target "_DiscoverMvcApplicationParts" because all output files are up-to-date with respect to the input files.
       _GenerateSourceLinkFile:
         Source Link file 'obj\Debug\net9.0\AlphaCinema.API.sourcelink.json' is up-to-date.
       CoreCompile:
       Skipping target "CoreCompile" because all output files are up-to-date with respect to the input files.
       _CreateAppHost:
       Skipping target "_CreateAppHost" because all output files are up-to-date with respect to the input files.
       _ProcessScopedCssFiles:
       Skipping target "_ProcessScopedCssFiles" because it has no outputs.
       _ProcessScopedCssFiles:
       Skipping target "_ProcessScopedCssFiles" because it has no outputs.
       _BuildCopyStaticWebAssetsPreserveNewest:
       Skipping target "_BuildCopyStaticWebAssetsPreserveNewest" because it has no outputs.
       _CopyFilesMarkedCopyLocal:
         Copying file from "C:\Users\Tam Phuc\Documents\AlphaCinema_Project\backend\src\AlphaCinema.Infrastructure\bin\Debug\net9.0\AlphaCinema.Infrastructure.dll" to "C:\Users\Tam Phuc\Documents\AlphaCinema_Project\backend\src\AlphaCinema.API\bin\Debug\net9.0\AlphaCinema.Infrastructure.dll".
         Copying file from "C:\Users\Tam Phuc\Documents\AlphaCinema_Project\backend\src\AlphaCinema.Core\bin\Debug\net9.0\AlphaCinema.Core.dll" to "C:\Users\Tam Phuc\Documents\AlphaCinema_Project\backend\src\AlphaCinema.API\bin\Debug\net9.0\AlphaCinema.Core.dll".
         Copying file from "C:\Users\Tam Phuc\Documents\AlphaCinema_Project\backend\src\AlphaCinema.Services\bin\Debug\net9.0\AlphaCinema.Services.dll" to "C:\Users\Tam Phuc\Documents\AlphaCinema_Project\backend\src\AlphaCinema.API\bin\Debug\net9.0\AlphaCinema.Services.dll".
     1>C:\Program Files\dotnet\sdk\9.0.304\Microsoft.Common.CurrentVersion.targets(5093,5): warning MSB3026: Could not copy "C:\Users\Tam Phuc\Documents\AlphaCinema_Project\backend\src\AlphaCinema.Services\bin\Debug\net9.0\AlphaCinema.Services.dll" to "bin\Debug\net9.0\AlphaCinema.Services.dll". Beginning retry 1 in 1000ms. The process cannot access the file 'C:\Users\Tam Phuc\Documents\AlphaCinema_Project\backend\src\AlphaCinema.API\bin\Debug\net9.0\AlphaCinema.Services.dll' because it is being used by another process. The file is locked by: "AlphaCinema.API (29108)" [C:\Users\Tam Phuc\Documents\AlphaCinema_Project\backend\src\AlphaCinema.API\AlphaCinema.API.csproj]
     1>C:\Program Files\dotnet\sdk\9.0.304\Microsoft.Common.CurrentVersion.targets(5093,5): warning MSB3026: Could not copy "C:\Users\Tam Phuc\Documents\AlphaCinema_Project\backend\src\AlphaCinema.Core\bin\Debug\net9.0\AlphaCinema.Core.dll" to "bin\Debug\net9.0\AlphaCinema.Core.dll". Beginning retry 1 in 1000ms. The process cannot access the file 'C:\Users\Tam Phuc\Documents\AlphaCinema_Project\backend\src\AlphaCinema.API\bin\Debug\net9.0\AlphaCinema.Core.dll' because it is being used by another process. The file is locked by: "AlphaCinema.API (29108)" [C:\Users\Tam Phuc\Documents\AlphaCinema_Project\backend\src\AlphaCinema.API\AlphaCinema.API.csproj]
     1>C:\Program Files\dotnet\sdk\9.0.304\Microsoft.Common.CurrentVersion.targets(5093,5): warning MSB3026: Could not copy "C:\Users\Tam Phuc\Documents\AlphaCinema_Project\backend\src\AlphaCinema.Infrastructure\bin\Debug\net9.0\AlphaCinema.Infrastructure.dll" to "bin\Debug\net9.0\AlphaCinema.Infrastructure.dll". Beginning retry 1 in 1000ms. The process cannot access the file 'C:\Users\Tam Phuc\Documents\AlphaCinema_Project\backend\src\AlphaCinema.API\bin\Debug\net9.0\AlphaCinema.Infrastructure.dll' because it is being used by another process. The file is locked by: "AlphaCinema.API (29108)" [C:\Users\Tam Phuc\Documents\AlphaCinema_Project\backend\src\AlphaCinema.API\AlphaCinema.API.csproj]
         Copying file from "C:\Users\Tam Phuc\Documents\AlphaCinema_Project\backend\src\AlphaCinema.Services\bin\Debug\net9.0\AlphaCinema.Services.dll" to "C:\Users\Tam Phuc\Documents\AlphaCinema_Project\backend\src\AlphaCinema.API\bin\Debug\net9.0\AlphaCinema.Services.dll".
         Copying file from "C:\Users\Tam Phuc\Documents\AlphaCinema_Project\backend\src\AlphaCinema.Infrastructure\bin\Debug\net9.0\AlphaCinema.Infrastructure.dll" to "C:\Users\Tam Phuc\Documents\AlphaCinema_Project\backend\src\AlphaCinema.API\bin\Debug\net9.0\AlphaCinema.Infrastructure.dll".
         Copying file from "C:\Users\Tam Phuc\Documents\AlphaCinema_Project\backend\src\AlphaCinema.Core\bin\Debug\net9.0\AlphaCinema.Core.dll" to "C:\Users\Tam Phuc\Documents\AlphaCinema_Project\backend\src\AlphaCinema.API\bin\Debug\net9.0\AlphaCinema.Core.dll".
     1>C:\Program Files\dotnet\sdk\9.0.304\Microsoft.Common.CurrentVersion.targets(5093,5): warning MSB3026: Could not copy "C:\Users\Tam Phuc\Documents\AlphaCinema_Project\backend\src\AlphaCinema.Services\bin\Debug\net9.0\AlphaCinema.Services.dll" to "bin\Debug\net9.0\AlphaCinema.Services.dll". Beginning retry 2 in 1000ms. The process cannot access the file 'C:\Users\Tam Phuc\Documents\AlphaCinema_Project\backend\src\AlphaCinema.API\bin\Debug\net9.0\AlphaCinema.Services.dll' because it is being used by another process. The file is locked by: "AlphaCinema.API (29108)" [C:\Users\Tam Phuc\Documents\AlphaCinema_Project\backend\src\AlphaCinema.API\AlphaCinema.API.csproj]
     1>C:\Program Files\dotnet\sdk\9.0.304\Microsoft.Common.CurrentVersion.targets(5093,5): warning MSB3026: Could not copy "C:\Users\Tam Phuc\Documents\AlphaCinema_Project\backend\src\AlphaCinema.Core\bin\Debug\net9.0\AlphaCinema.Core.dll" to "bin\Debug\net9.0\AlphaCinema.Core.dll". Beginning retry 2 in 1000ms. The process cannot access the file 'C:\Users\Tam Phuc\Documents\AlphaCinema_Project\backend\src\AlphaCinema.API\bin\Debug\net9.0\AlphaCinema.Core.dll' because it is being used by another process. The file is locked by: "AlphaCinema.API (29108)" [C:\Users\Tam Phuc\Documents\AlphaCinema_Project\backend\src\AlphaCinema.API\AlphaCinema.API.csproj]
     1>C:\Program Files\dotnet\sdk\9.0.304\Microsoft.Common.CurrentVersion.targets(5093,5): warning MSB3026: Could not copy "C:\Users\Tam Phuc\Documents\AlphaCinema_Project\backend\src\AlphaCinema.Infrastructure\bin\Debug\net9.0\AlphaCinema.Infrastructure.dll" to "bin\Debug\net9.0\AlphaCinema.Infrastructure.dll". Beginning retry 2 in 1000ms. The process cannot access the file 'C:\Users\Tam Phuc\Documents\AlphaCinema_Project\backend\src\AlphaCinema.API\bin\Debug\net9.0\AlphaCinema.Infrastructure.dll' because it is being used by another process. The file is locked by: "AlphaCinema.API (29108)" [C:\Users\Tam Phuc\Documents\AlphaCinema_Project\backend\src\AlphaCinema.API\AlphaCinema.API.csproj]
         Copying file from "C:\Users\Tam Phuc\Documents\AlphaCinema_Project\backend\src\AlphaCinema.Services\bin\Debug\net9.0\AlphaCinema.Services.dll" to "C:\Users\Tam Phuc\Documents\AlphaCinema_Project\backend\src\AlphaCinema.API\bin\Debug\net9.0\AlphaCinema.Services.dll".
         Copying file from "C:\Users\Tam Phuc\Documents\AlphaCinema_Project\backend\src\AlphaCinema.Infrastructure\bin\Debug\net9.0\AlphaCinema.Infrastructure.dll" to "C:\Users\Tam Phuc\Documents\AlphaCinema_Project\backend\src\AlphaCinema.API\bin\Debug\net9.0\AlphaCinema.Infrastructure.dll".
         Copying file from "C:\Users\Tam Phuc\Documents\AlphaCinema_Project\backend\src\AlphaCinema.Core\bin\Debug\net9.0\AlphaCinema.Core.dll" to "C:\Users\Tam Phuc\Documents\AlphaCinema_Project\backend\src\AlphaCinema.API\bin\Debug\net9.0\AlphaCinema.Core.dll".
     1>C:\Program Files\dotnet\sdk\9.0.304\Microsoft.Common.CurrentVersion.targets(5093,5): warning MSB3026: Could not copy "C:\Users\Tam Phuc\Documents\AlphaCinema_Project\backend\src\AlphaCinema.Services\bin\Debug\net9.0\AlphaCinema.Services.dll" to "bin\Debug\net9.0\AlphaCinema.Services.dll". Beginning retry 3 in 1000ms. The process cannot access the file 'C:\Users\Tam Phuc\Documents\AlphaCinema_Project\backend\src\AlphaCinema.API\bin\Debug\net9.0\AlphaCinema.Services.dll' because it is being used by another process. The file is locked by: "AlphaCinema.API (29108)" [C:\Users\Tam Phuc\Documents\AlphaCinema_Project\backend\src\AlphaCinema.API\AlphaCinema.API.csproj]
     1>C:\Program Files\dotnet\sdk\9.0.304\Microsoft.Common.CurrentVersion.targets(5093,5): warning MSB3026: Could not copy "C:\Users\Tam Phuc\Documents\AlphaCinema_Project\backend\src\AlphaCinema.Core\bin\Debug\net9.0\AlphaCinema.Core.dll" to "bin\Debug\net9.0\AlphaCinema.Core.dll". Beginning retry 3 in 1000ms. The process cannot access the file 'C:\Users\Tam Phuc\Documents\AlphaCinema_Project\backend\src\AlphaCinema.API\bin\Debug\net9.0\AlphaCinema.Core.dll' because it is being used by another process. The file is locked by: "AlphaCinema.API (29108)" [C:\Users\Tam Phuc\Documents\AlphaCinema_Project\backend\src\AlphaCinema.API\AlphaCinema.API.csproj]
     1>C:\Program Files\dotnet\sdk\9.0.304\Microsoft.Common.CurrentVersion.targets(5093,5): warning MSB3026: Could not copy "C:\Users\Tam Phuc\Documents\AlphaCinema_Project\backend\src\AlphaCinema.Infrastructure\bin\Debug\net9.0\AlphaCinema.Infrastructure.dll" to "bin\Debug\net9.0\AlphaCinema.Infrastructure.dll". Beginning retry 3 in 1000ms. The process cannot access the file 'C:\Users\Tam Phuc\Documents\AlphaCinema_Project\backend\src\AlphaCinema.API\bin\Debug\net9.0\AlphaCinema.Infrastructure.dll' because it is being used by another process. The file is locked by: "AlphaCinema.API (29108)" [C:\Users\Tam Phuc\Documents\AlphaCinema_Project\backend\src\AlphaCinema.API\AlphaCinema.API.csproj]
         Copying file from "C:\Users\Tam Phuc\Documents\AlphaCinema_Project\backend\src\AlphaCinema.Services\bin\Debug\net9.0\AlphaCinema.Services.dll" to "C:\Users\Tam Phuc\Documents\AlphaCinema_Project\backend\src\AlphaCinema.API\bin\Debug\net9.0\AlphaCinema.Services.dll".
     1>C:\Program Files\dotnet\sdk\9.0.304\Microsoft.Common.CurrentVersion.targets(5093,5): warning MSB3026: Could not copy "C:\Users\Tam Phuc\Documents\AlphaCinema_Project\backend\src\AlphaCinema.Services\bin\Debug\net9.0\AlphaCinema.Services.dll" to "bin\Debug\net9.0\AlphaCinema.Services.dll". Beginning retry 4 in 1000ms. The process cannot access the file 'C:\Users\Tam Phuc\Documents\AlphaCinema_Project\backend\src\AlphaCinema.API\bin\Debug\net9.0\AlphaCinema.Services.dll' because it is being used by another process. The file is locked by: "AlphaCinema.API (29108)" [C:\Users\Tam Phuc\Documents\AlphaCinema_Project\backend\src\AlphaCinema.API\AlphaCinema.API.csproj]
         Copying file from "C:\Users\Tam Phuc\Documents\AlphaCinema_Project\backend\src\AlphaCinema.Core\bin\Debug\net9.0\AlphaCinema.Core.dll" to "C:\Users\Tam Phuc\Documents\AlphaCinema_Project\backend\src\AlphaCinema.API\bin\Debug\net9.0\AlphaCinema.Core.dll".
         Copying file from "C:\Users\Tam Phuc\Documents\AlphaCinema_Project\backend\src\AlphaCinema.Infrastructure\bin\Debug\net9.0\AlphaCinema.Infrastructure.dll" to "C:\Users\Tam Phuc\Documents\AlphaCinema_Project\backend\src\AlphaCinema.API\bin\Debug\net9.0\AlphaCinema.Infrastructure.dll".
     1>C:\Program Files\dotnet\sdk\9.0.304\Microsoft.Common.CurrentVersion.targets(5093,5): warning MSB3026: Could not copy "C:\Users\Tam Phuc\Documents\AlphaCinema_Project\backend\src\AlphaCinema.Infrastructure\bin\Debug\net9.0\AlphaCinema.Infrastructure.dll" to "bin\Debug\net9.0\AlphaCinema.Infrastructure.dll". Beginning retry 4 in 1000ms. The process cannot access the file 'C:\Users\Tam Phuc\Documents\AlphaCinema_Project\backend\src\AlphaCinema.API\bin\Debug\net9.0\AlphaCinema.Infrastructure.dll' because it is being used by another process. The file is locked by: "AlphaCinema.API (29108)" [C:\Users\Tam Phuc\Documents\AlphaCinema_Project\backend\src\AlphaCinema.API\AlphaCinema.API.csproj]
     1>C:\Program Files\dotnet\sdk\9.0.304\Microsoft.Common.CurrentVersion.targets(5093,5): warning MSB3026: Could not copy "C:\Users\Tam Phuc\Documents\AlphaCinema_Project\backend\src\AlphaCinema.Core\bin\Debug\net9.0\AlphaCinema.Core.dll" to "bin\Debug\net9.0\AlphaCinema.Core.dll". Beginning retry 4 in 1000ms. The process cannot access the file 'C:\Users\Tam Phuc\Documents\AlphaCinema_Project\backend\src\AlphaCinema.API\bin\Debug\net9.0\AlphaCinema.Core.dll' because it is being used by another process. The file is locked by: "AlphaCinema.API (29108)" [C:\Users\Tam Phuc\Documents\AlphaCinema_Project\backend\src\AlphaCinema.API\AlphaCinema.API.csproj]
         Copying file from "C:\Users\Tam Phuc\Documents\AlphaCinema_Project\backend\src\AlphaCinema.Services\bin\Debug\net9.0\AlphaCinema.Services.dll" to "C:\Users\Tam Phuc\Documents\AlphaCinema_Project\backend\src\AlphaCinema.API\bin\Debug\net9.0\AlphaCinema.Services.dll".
     1>C:\Program Files\dotnet\sdk\9.0.304\Microsoft.Common.CurrentVersion.targets(5093,5): warning MSB3026: Could not copy "C:\Users\Tam Phuc\Documents\AlphaCinema_Project\backend\src\AlphaCinema.Services\bin\Debug\net9.0\AlphaCinema.Services.dll" to "bin\Debug\net9.0\AlphaCinema.Services.dll". Beginning retry 5 in 1000ms. The process cannot access the file 'C:\Users\Tam Phuc\Documents\AlphaCinema_Project\backend\src\AlphaCinema.API\bin\Debug\net9.0\AlphaCinema.Services.dll' because it is being used by another process. The file is locked by: "AlphaCinema.API (29108)" [C:\Users\Tam Phuc\Documents\AlphaCinema_Project\backend\src\AlphaCinema.API\AlphaCinema.API.csproj]
         Copying file from "C:\Users\Tam Phuc\Documents\AlphaCinema_Project\backend\src\AlphaCinema.Core\bin\Debug\net9.0\AlphaCinema.Core.dll" to "C:\Users\Tam Phuc\Documents\AlphaCinema_Project\backend\src\AlphaCinema.API\bin\Debug\net9.0\AlphaCinema.Core.dll".
         Copying file from "C:\Users\Tam Phuc\Documents\AlphaCinema_Project\backend\src\AlphaCinema.Infrastructure\bin\Debug\net9.0\AlphaCinema.Infrastructure.dll" to "C:\Users\Tam Phuc\Documents\AlphaCinema_Project\backend\src\AlphaCinema.API\bin\Debug\net9.0\AlphaCinema.Infrastructure.dll".
     1>C:\Program Files\dotnet\sdk\9.0.304\Microsoft.Common.CurrentVersion.targets(5093,5): warning MSB3026: Could not copy "C:\Users\Tam Phuc\Documents\AlphaCinema_Project\backend\src\AlphaCinema.Infrastructure\bin\Debug\net9.0\AlphaCinema.Infrastructure.dll" to "bin\Debug\net9.0\AlphaCinema.Infrastructure.dll". Beginning retry 5 in 1000ms. The process cannot access the file 'C:\Users\Tam Phuc\Documents\AlphaCinema_Project\backend\src\AlphaCinema.API\bin\Debug\net9.0\AlphaCinema.Infrastructure.dll' because it is being used by another process. The file is locked by: "AlphaCinema.API (29108)" [C:\Users\Tam Phuc\Documents\AlphaCinema_Project\backend\src\AlphaCinema.API\AlphaCinema.API.csproj]
     1>C:\Program Files\dotnet\sdk\9.0.304\Microsoft.Common.CurrentVersion.targets(5093,5): warning MSB3026: Could not copy "C:\Users\Tam Phuc\Documents\AlphaCinema_Project\backend\src\AlphaCinema.Core\bin\Debug\net9.0\AlphaCinema.Core.dll" to "bin\Debug\net9.0\AlphaCinema.Core.dll". Beginning retry 5 in 1000ms. The process cannot access the file 'C:\Users\Tam Phuc\Documents\AlphaCinema_Project\backend\src\AlphaCinema.API\bin\Debug\net9.0\AlphaCinema.Core.dll' because it is being used by another process. The file is locked by: "AlphaCinema.API (29108)" [C:\Users\Tam Phuc\Documents\AlphaCinema_Project\backend\src\AlphaCinema.API\AlphaCinema.API.csproj]
         Copying file from "C:\Users\Tam Phuc\Documents\AlphaCinema_Project\backend\src\AlphaCinema.Services\bin\Debug\net9.0\AlphaCinema.Services.dll" to "C:\Users\Tam Phuc\Documents\AlphaCinema_Project\backend\src\AlphaCinema.API\bin\Debug\net9.0\AlphaCinema.Services.dll".
     1>C:\Program Files\dotnet\sdk\9.0.304\Microsoft.Common.CurrentVersion.targets(5093,5): warning MSB3026: Could not copy "C:\Users\Tam Phuc\Documents\AlphaCinema_Project\backend\src\AlphaCinema.Services\bin\Debug\net9.0\AlphaCinema.Services.dll" to "bin\Debug\net9.0\AlphaCinema.Services.dll". Beginning retry 6 in 1000ms. The process cannot access the file 'C:\Users\Tam Phuc\Documents\AlphaCinema_Project\backend\src\AlphaCinema.API\bin\Debug\net9.0\AlphaCinema.Services.dll' because it is being used by another process. The file is locked by: "AlphaCinema.API (29108)" [C:\Users\Tam Phuc\Documents\AlphaCinema_Project\backend\src\AlphaCinema.API\AlphaCinema.API.csproj]
         Copying file from "C:\Users\Tam Phuc\Documents\AlphaCinema_Project\backend\src\AlphaCinema.Infrastructure\bin\Debug\net9.0\AlphaCinema.Infrastructure.dll" to "C:\Users\Tam Phuc\Documents\AlphaCinema_Project\backend\src\AlphaCinema.API\bin\Debug\net9.0\AlphaCinema.Infrastructure.dll".
         Copying file from "C:\Users\Tam Phuc\Documents\AlphaCinema_Project\backend\src\AlphaCinema.Core\bin\Debug\net9.0\AlphaCinema.Core.dll" to "C:\Users\Tam Phuc\Documents\AlphaCinema_Project\backend\src\AlphaCinema.API\bin\Debug\net9.0\AlphaCinema.Core.dll".
     1>C:\Program Files\dotnet\sdk\9.0.304\Microsoft.Common.CurrentVersion.targets(5093,5): warning MSB3026: Could not copy "C:\Users\Tam Phuc\Documents\AlphaCinema_Project\backend\src\AlphaCinema.Infrastructure\bin\Debug\net9.0\AlphaCinema.Infrastructure.dll" to "bin\Debug\net9.0\AlphaCinema.Infrastructure.dll". Beginning retry 6 in 1000ms. The process cannot access the file 'C:\Users\Tam Phuc\Documents\AlphaCinema_Project\backend\src\AlphaCinema.API\bin\Debug\net9.0\AlphaCinema.Infrastructure.dll' because it is being used by another process. The file is locked by: "AlphaCinema.API (29108)" [C:\Users\Tam Phuc\Documents\AlphaCinema_Project\backend\src\AlphaCinema.API\AlphaCinema.API.csproj]
     1>C:\Program Files\dotnet\sdk\9.0.304\Microsoft.Common.CurrentVersion.targets(5093,5): warning MSB3026: Could not copy "C:\Users\Tam Phuc\Documents\AlphaCinema_Project\backend\src\AlphaCinema.Core\bin\Debug\net9.0\AlphaCinema.Core.dll" to "bin\Debug\net9.0\AlphaCinema.Core.dll". Beginning retry 6 in 1000ms. The process cannot access the file 'C:\Users\Tam Phuc\Documents\AlphaCinema_Project\backend\src\AlphaCinema.API\bin\Debug\net9.0\AlphaCinema.Core.dll' because it is being used by another process. The file is locked by: "AlphaCinema.API (29108)" [C:\Users\Tam Phuc\Documents\AlphaCinema_Project\backend\src\AlphaCinema.API\AlphaCinema.API.csproj]
         Copying file from "C:\Users\Tam Phuc\Documents\AlphaCinema_Project\backend\src\AlphaCinema.Services\bin\Debug\net9.0\AlphaCinema.Services.dll" to "C:\Users\Tam Phuc\Documents\AlphaCinema_Project\backend\src\AlphaCinema.API\bin\Debug\net9.0\AlphaCinema.Services.dll".
     1>C:\Program Files\dotnet\sdk\9.0.304\Microsoft.Common.CurrentVersion.targets(5093,5): warning MSB3026: Could not copy "C:\Users\Tam Phuc\Documents\AlphaCinema_Project\backend\src\AlphaCinema.Services\bin\Debug\net9.0\AlphaCinema.Services.dll" to "bin\Debug\net9.0\AlphaCinema.Services.dll". Beginning retry 7 in 1000ms. The process cannot access the file 'C:\Users\Tam Phuc\Documents\AlphaCinema_Project\backend\src\AlphaCinema.API\bin\Debug\net9.0\AlphaCinema.Services.dll' because it is being used by another process. The file is locked by: "AlphaCinema.API (29108)" [C:\Users\Tam Phuc\Documents\AlphaCinema_Project\backend\src\AlphaCinema.API\AlphaCinema.API.csproj]
         Copying file from "C:\Users\Tam Phuc\Documents\AlphaCinema_Project\backend\src\AlphaCinema.Core\bin\Debug\net9.0\AlphaCinema.Core.dll" to "C:\Users\Tam Phuc\Documents\AlphaCinema_Project\backend\src\AlphaCinema.API\bin\Debug\net9.0\AlphaCinema.Core.dll".
         Copying file from "C:\Users\Tam Phuc\Documents\AlphaCinema_Project\backend\src\AlphaCinema.Infrastructure\bin\Debug\net9.0\AlphaCinema.Infrastructure.dll" to "C:\Users\Tam Phuc\Documents\AlphaCinema_Project\backend\src\AlphaCinema.API\bin\Debug\net9.0\AlphaCinema.Infrastructure.dll".
     1>C:\Program Files\dotnet\sdk\9.0.304\Microsoft.Common.CurrentVersion.targets(5093,5): warning MSB3026: Could not copy "C:\Users\Tam Phuc\Documents\AlphaCinema_Project\backend\src\AlphaCinema.Core\bin\Debug\net9.0\AlphaCinema.Core.dll" to "bin\Debug\net9.0\AlphaCinema.Core.dll". Beginning retry 7 in 1000ms. The process cannot access the file 'C:\Users\Tam Phuc\Documents\AlphaCinema_Project\backend\src\AlphaCinema.API\bin\Debug\net9.0\AlphaCinema.Core.dll' because it is being used by another process. The file is locked by: "AlphaCinema.API (29108)" [C:\Users\Tam Phuc\Documents\AlphaCinema_Project\backend\src\AlphaCinema.API\AlphaCinema.API.csproj]
     1>C:\Program Files\dotnet\sdk\9.0.304\Microsoft.Common.CurrentVersion.targets(5093,5): warning MSB3026: Could not copy "C:\Users\Tam Phuc\Documents\AlphaCinema_Project\backend\src\AlphaCinema.Infrastructure\bin\Debug\net9.0\AlphaCinema.Infrastructure.dll" to "bin\Debug\net9.0\AlphaCinema.Infrastructure.dll". Beginning retry 7 in 1000ms. The process cannot access the file 'C:\Users\Tam Phuc\Documents\AlphaCinema_Project\backend\src\AlphaCinema.API\bin\Debug\net9.0\AlphaCinema.Infrastructure.dll' because it is being used by another process. The file is locked by: "AlphaCinema.API (29108)" [C:\Users\Tam Phuc\Documents\AlphaCinema_Project\backend\src\AlphaCinema.API\AlphaCinema.API.csproj]
         Copying file from "C:\Users\Tam Phuc\Documents\AlphaCinema_Project\backend\src\AlphaCinema.Services\bin\Debug\net9.0\AlphaCinema.Services.dll" to "C:\Users\Tam Phuc\Documents\AlphaCinema_Project\backend\src\AlphaCinema.API\bin\Debug\net9.0\AlphaCinema.Services.dll".
     1>C:\Program Files\dotnet\sdk\9.0.304\Microsoft.Common.CurrentVersion.targets(5093,5): warning MSB3026: Could not copy "C:\Users\Tam Phuc\Documents\AlphaCinema_Project\backend\src\AlphaCinema.Services\bin\Debug\net9.0\AlphaCinema.Services.dll" to "bin\Debug\net9.0\AlphaCinema.Services.dll". Beginning retry 8 in 1000ms. The process cannot access the file 'C:\Users\Tam Phuc\Documents\AlphaCinema_Project\backend\src\AlphaCinema.API\bin\Debug\net9.0\AlphaCinema.Services.dll' because it is being used by another process. The file is locked by: "AlphaCinema.API (29108)" [C:\Users\Tam Phuc\Documents\AlphaCinema_Project\backend\src\AlphaCinema.API\AlphaCinema.API.csproj]
         Copying file from "C:\Users\Tam Phuc\Documents\AlphaCinema_Project\backend\src\AlphaCinema.Infrastructure\bin\Debug\net9.0\AlphaCinema.Infrastructure.dll" to "C:\Users\Tam Phuc\Documents\AlphaCinema_Project\backend\src\AlphaCinema.API\bin\Debug\net9.0\AlphaCinema.Infrastructure.dll".
         Copying file from "C:\Users\Tam Phuc\Documents\AlphaCinema_Project\backend\src\AlphaCinema.Core\bin\Debug\net9.0\AlphaCinema.Core.dll" to "C:\Users\Tam Phuc\Documents\AlphaCinema_Project\backend\src\AlphaCinema.API\bin\Debug\net9.0\AlphaCinema.Core.dll".
     1>C:\Program Files\dotnet\sdk\9.0.304\Microsoft.Common.CurrentVersion.targets(5093,5): warning MSB3026: Could not copy "C:\Users\Tam Phuc\Documents\AlphaCinema_Project\backend\src\AlphaCinema.Infrastructure\bin\Debug\net9.0\AlphaCinema.Infrastructure.dll" to "bin\Debug\net9.0\AlphaCinema.Infrastructure.dll". Beginning retry 8 in 1000ms. The process cannot access the file 'C:\Users\Tam Phuc\Documents\AlphaCinema_Project\backend\src\AlphaCinema.API\bin\Debug\net9.0\AlphaCinema.Infrastructure.dll' because it is being used by another process. The file is locked by: "AlphaCinema.API (29108)" [C:\Users\Tam Phuc\Documents\AlphaCinema_Project\backend\src\AlphaCinema.API\AlphaCinema.API.csproj]
     1>C:\Program Files\dotnet\sdk\9.0.304\Microsoft.Common.CurrentVersion.targets(5093,5): warning MSB3026: Could not copy "C:\Users\Tam Phuc\Documents\AlphaCinema_Project\backend\src\AlphaCinema.Core\bin\Debug\net9.0\AlphaCinema.Core.dll" to "bin\Debug\net9.0\AlphaCinema.Core.dll". Beginning retry 8 in 1000ms. The process cannot access the file 'C:\Users\Tam Phuc\Documents\AlphaCinema_Project\backend\src\AlphaCinema.API\bin\Debug\net9.0\AlphaCinema.Core.dll' because it is being used by another process. The file is locked by: "AlphaCinema.API (29108)" [C:\Users\Tam Phuc\Documents\AlphaCinema_Project\backend\src\AlphaCinema.API\AlphaCinema.API.csproj]
         Copying file from "C:\Users\Tam Phuc\Documents\AlphaCinema_Project\backend\src\AlphaCinema.Services\bin\Debug\net9.0\AlphaCinema.Services.dll" to "C:\Users\Tam Phuc\Documents\AlphaCinema_Project\backend\src\AlphaCinema.API\bin\Debug\net9.0\AlphaCinema.Services.dll".
     1>C:\Program Files\dotnet\sdk\9.0.304\Microsoft.Common.CurrentVersion.targets(5093,5): warning MSB3026: Could not copy "C:\Users\Tam Phuc\Documents\AlphaCinema_Project\backend\src\AlphaCinema.Services\bin\Debug\net9.0\AlphaCinema.Services.dll" to "bin\Debug\net9.0\AlphaCinema.Services.dll". Beginning retry 9 in 1000ms. The process cannot access the file 'C:\Users\Tam Phuc\Documents\AlphaCinema_Project\backend\src\AlphaCinema.API\bin\Debug\net9.0\AlphaCinema.Services.dll' because it is being used by another process. The file is locked by: "AlphaCinema.API (29108)" [C:\Users\Tam Phuc\Documents\AlphaCinema_Project\backend\src\AlphaCinema.API\AlphaCinema.API.csproj]
         Copying file from "C:\Users\Tam Phuc\Documents\AlphaCinema_Project\backend\src\AlphaCinema.Core\bin\Debug\net9.0\AlphaCinema.Core.dll" to "C:\Users\Tam Phuc\Documents\AlphaCinema_Project\backend\src\AlphaCinema.API\bin\Debug\net9.0\AlphaCinema.Core.dll".
         Copying file from "C:\Users\Tam Phuc\Documents\AlphaCinema_Project\backend\src\AlphaCinema.Infrastructure\bin\Debug\net9.0\AlphaCinema.Infrastructure.dll" to "C:\Users\Tam Phuc\Documents\AlphaCinema_Project\backend\src\AlphaCinema.API\bin\Debug\net9.0\AlphaCinema.Infrastructure.dll".
     1>C:\Program Files\dotnet\sdk\9.0.304\Microsoft.Common.CurrentVersion.targets(5093,5): warning MSB3026: Could not copy "C:\Users\Tam Phuc\Documents\AlphaCinema_Project\backend\src\AlphaCinema.Core\bin\Debug\net9.0\AlphaCinema.Core.dll" to "bin\Debug\net9.0\AlphaCinema.Core.dll". Beginning retry 9 in 1000ms. The process cannot access the file 'C:\Users\Tam Phuc\Documents\AlphaCinema_Project\backend\src\AlphaCinema.API\bin\Debug\net9.0\AlphaCinema.Core.dll' because it is being used by another process. The file is locked by: "AlphaCinema.API (29108)" [C:\Users\Tam Phuc\Documents\AlphaCinema_Project\backend\src\AlphaCinema.API\AlphaCinema.API.csproj]
     1>C:\Program Files\dotnet\sdk\9.0.304\Microsoft.Common.CurrentVersion.targets(5093,5): warning MSB3026: Could not copy "C:\Users\Tam Phuc\Documents\AlphaCinema_Project\backend\src\AlphaCinema.Infrastructure\bin\Debug\net9.0\AlphaCinema.Infrastructure.dll" to "bin\Debug\net9.0\AlphaCinema.Infrastructure.dll". Beginning retry 9 in 1000ms. The process cannot access the file 'C:\Users\Tam Phuc\Documents\AlphaCinema_Project\backend\src\AlphaCinema.API\bin\Debug\net9.0\AlphaCinema.Infrastructure.dll' because it is being used by another process. The file is locked by: "AlphaCinema.API (29108)" [C:\Users\Tam Phuc\Documents\AlphaCinema_Project\backend\src\AlphaCinema.API\AlphaCinema.API.csproj]
         Copying file from "C:\Users\Tam Phuc\Documents\AlphaCinema_Project\backend\src\AlphaCinema.Services\bin\Debug\net9.0\AlphaCinema.Services.dll" to "C:\Users\Tam Phuc\Documents\AlphaCinema_Project\backend\src\AlphaCinema.API\bin\Debug\net9.0\AlphaCinema.Services.dll".
     1>C:\Program Files\dotnet\sdk\9.0.304\Microsoft.Common.CurrentVersion.targets(5093,5): warning MSB3026: Could not copy "C:\Users\Tam Phuc\Documents\AlphaCinema_Project\backend\src\AlphaCinema.Services\bin\Debug\net9.0\AlphaCinema.Services.dll" to "bin\Debug\net9.0\AlphaCinema.Services.dll". Beginning retry 10 in 1000ms. The process cannot access the file 'C:\Users\Tam Phuc\Documents\AlphaCinema_Project\backend\src\AlphaCinema.API\bin\Debug\net9.0\AlphaCinema.Services.dll' because it is being used by another process. The file is locked by: "AlphaCinema.API (29108)" [C:\Users\Tam Phuc\Documents\AlphaCinema_Project\backend\src\AlphaCinema.API\AlphaCinema.API.csproj]
         Copying file from "C:\Users\Tam Phuc\Documents\AlphaCinema_Project\backend\src\AlphaCinema.Core\bin\Debug\net9.0\AlphaCinema.Core.dll" to "C:\Users\Tam Phuc\Documents\AlphaCinema_Project\backend\src\AlphaCinema.API\bin\Debug\net9.0\AlphaCinema.Core.dll".
         Copying file from "C:\Users\Tam Phuc\Documents\AlphaCinema_Project\backend\src\AlphaCinema.Infrastructure\bin\Debug\net9.0\AlphaCinema.Infrastructure.dll" to "C:\Users\Tam Phuc\Documents\AlphaCinema_Project\backend\src\AlphaCinema.API\bin\Debug\net9.0\AlphaCinema.Infrastructure.dll".
     1>C:\Program Files\dotnet\sdk\9.0.304\Microsoft.Common.CurrentVersion.targets(5093,5): warning MSB3026: Could not copy "C:\Users\Tam Phuc\Documents\AlphaCinema_Project\backend\src\AlphaCinema.Core\bin\Debug\net9.0\AlphaCinema.Core.dll" to "bin\Debug\net9.0\AlphaCinema.Core.dll". Beginning retry 10 in 1000ms. The process cannot access the file 'C:\Users\Tam Phuc\Documents\AlphaCinema_Project\backend\src\AlphaCinema.API\bin\Debug\net9.0\AlphaCinema.Core.dll' because it is being used by another process. The file is locked by: "AlphaCinema.API (29108)" [C:\Users\Tam Phuc\Documents\AlphaCinema_Project\backend\src\AlphaCinema.API\AlphaCinema.API.csproj]
     1>C:\Program Files\dotnet\sdk\9.0.304\Microsoft.Common.CurrentVersion.targets(5093,5): warning MSB3026: Could not copy "C:\Users\Tam Phuc\Documents\AlphaCinema_Project\backend\src\AlphaCinema.Infrastructure\bin\Debug\net9.0\AlphaCinema.Infrastructure.dll" to "bin\Debug\net9.0\AlphaCinema.Infrastructure.dll". Beginning retry 10 in 1000ms. The process cannot access the file 'C:\Users\Tam Phuc\Documents\AlphaCinema_Project\backend\src\AlphaCinema.API\bin\Debug\net9.0\AlphaCinema.Infrastructure.dll' because it is being used by another process. The file is locked by: "AlphaCinema.API (29108)" [C:\Users\Tam Phuc\Documents\AlphaCinema_Project\backend\src\AlphaCinema.API\AlphaCinema.API.csproj]
         Copying file from "C:\Users\Tam Phuc\Documents\AlphaCinema_Project\backend\src\AlphaCinema.Services\bin\Debug\net9.0\AlphaCinema.Services.dll" to "C:\Users\Tam Phuc\Documents\AlphaCinema_Project\backend\src\AlphaCinema.API\bin\Debug\net9.0\AlphaCinema.Services.dll".
     1>C:\Program Files\dotnet\sdk\9.0.304\Microsoft.Common.CurrentVersion.targets(5093,5): error MSB3027: Could not copy "C:\Users\Tam Phuc\Documents\AlphaCinema_Project\backend\src\AlphaCinema.Services\bin\Debug\net9.0\AlphaCinema.Services.dll" to "bin\Debug\net9.0\AlphaCinema.Services.dll". Exceeded retry count of 10. Failed. The file is locked by: "AlphaCinema.API (29108)" [C:\Users\Tam Phuc\Documents\AlphaCinema_Project\backend\src\AlphaCinema.API\AlphaCinema.API.csproj]
     1>C:\Program Files\dotnet\sdk\9.0.304\Microsoft.Common.CurrentVersion.targets(5093,5): error MSB3021: Unable to copy file "C:\Users\Tam Phuc\Documents\AlphaCinema_Project\backend\src\AlphaCinema.Services\bin\Debug\net9.0\AlphaCinema.Services.dll" to "bin\Debug\net9.0\AlphaCinema.Services.dll". The process cannot access the file 'C:\Users\Tam Phuc\Documents\AlphaCinema_Project\backend\src\AlphaCinema.API\bin\Debug\net9.0\AlphaCinema.Services.dll' because it is being used by another process. [C:\Users\Tam Phuc\Documents\AlphaCinema_Project\backend\src\AlphaCinema.API\AlphaCinema.API.csproj]
         Copying file from "C:\Users\Tam Phuc\Documents\AlphaCinema_Project\backend\src\AlphaCinema.Core\bin\Debug\net9.0\AlphaCinema.Core.dll" to "C:\Users\Tam Phuc\Documents\AlphaCinema_Project\backend\src\AlphaCinema.API\bin\Debug\net9.0\AlphaCinema.Core.dll".
         Copying file from "C:\Users\Tam Phuc\Documents\AlphaCinema_Project\backend\src\AlphaCinema.Infrastructure\bin\Debug\net9.0\AlphaCinema.Infrastructure.dll" to "C:\Users\Tam Phuc\Documents\AlphaCinema_Project\backend\src\AlphaCinema.API\bin\Debug\net9.0\AlphaCinema.Infrastructure.dll".
     1>C:\Program Files\dotnet\sdk\9.0.304\Microsoft.Common.CurrentVersion.targets(5093,5): error MSB3027: Could not copy "C:\Users\Tam Phuc\Documents\AlphaCinema_Project\backend\src\AlphaCinema.Infrastructure\bin\Debug\net9.0\AlphaCinema.Infrastructure.dll" to "bin\Debug\net9.0\AlphaCinema.Infrastructure.dll". Exceeded retry count of 10. Failed. The file is locked by: "AlphaCinema.API (29108)" [C:\Users\Tam Phuc\Documents\AlphaCinema_Project\backend\src\AlphaCinema.API\AlphaCinema.API.csproj]
     1>C:\Program Files\dotnet\sdk\9.0.304\Microsoft.Common.CurrentVersion.targets(5093,5): error MSB3021: Unable to copy file "C:\Users\Tam Phuc\Documents\AlphaCinema_Project\backend\src\AlphaCinema.Infrastructure\bin\Debug\net9.0\AlphaCinema.Infrastructure.dll" to "bin\Debug\net9.0\AlphaCinema.Infrastructure.dll". The process cannot access the file 'C:\Users\Tam Phuc\Documents\AlphaCinema_Project\backend\src\AlphaCinema.API\bin\Debug\net9.0\AlphaCinema.Infrastructure.dll' because it is being used by another process. [C:\Users\Tam Phuc\Documents\AlphaCinema_Project\backend\src\AlphaCinema.API\AlphaCinema.API.csproj]
     1>C:\Program Files\dotnet\sdk\9.0.304\Microsoft.Common.CurrentVersion.targets(5093,5): error MSB3027: Could not copy "C:\Users\Tam Phuc\Documents\AlphaCinema_Project\backend\src\AlphaCinema.Core\bin\Debug\net9.0\AlphaCinema.Core.dll" to "bin\Debug\net9.0\AlphaCinema.Core.dll". Exceeded retry count of 10. Failed. The file is locked by: "AlphaCinema.API (29108)" [C:\Users\Tam Phuc\Documents\AlphaCinema_Project\backend\src\AlphaCinema.API\AlphaCinema.API.csproj]
     1>C:\Program Files\dotnet\sdk\9.0.304\Microsoft.Common.CurrentVersion.targets(5093,5): error MSB3021: Unable to copy file "C:\Users\Tam Phuc\Documents\AlphaCinema_Project\backend\src\AlphaCinema.Core\bin\Debug\net9.0\AlphaCinema.Core.dll" to "bin\Debug\net9.0\AlphaCinema.Core.dll". The process cannot access the file 'C:\Users\Tam Phuc\Documents\AlphaCinema_Project\backend\src\AlphaCinema.API\bin\Debug\net9.0\AlphaCinema.Core.dll' because it is being used by another process. [C:\Users\Tam Phuc\Documents\AlphaCinema_Project\backend\src\AlphaCinema.API\AlphaCinema.API.csproj]
     1>Done Building Project "C:\Users\Tam Phuc\Documents\AlphaCinema_Project\backend\src\AlphaCinema.API\AlphaCinema.API.csproj" (default targets) -- FAILED.

Build FAILED.

       "C:\Users\Tam Phuc\Documents\AlphaCinema_Project\backend\src\AlphaCinema.API\AlphaCinema.API.csproj" (default target) (1:7) ->
       (_CopyFilesMarkedCopyLocal target) -> 
         C:\Program Files\dotnet\sdk\9.0.304\Microsoft.Common.CurrentVersion.targets(5093,5): warning MSB3026: Could not copy "C:\Users\Tam Phuc\Documents\AlphaCinema_Project\backend\src\AlphaCinema.Services\bin\Debug\net9.0\AlphaCinema.Services.dll" to "bin\Debug\net9.0\AlphaCinema.Services.dll". Beginning retry 1 in 1000ms. The process cannot access the file 'C:\Users\Tam Phuc\Documents\AlphaCinema_Project\backend\src\AlphaCinema.API\bin\Debug\net9.0\AlphaCinema.Services.dll' because it is being used by another process. The file is locked by: "AlphaCinema.API (29108)" [C:\Users\Tam Phuc\Documents\AlphaCinema_Project\backend\src\AlphaCinema.API\AlphaCinema.API.csproj]
         C:\Program Files\dotnet\sdk\9.0.304\Microsoft.Common.CurrentVersion.targets(5093,5): warning MSB3026: Could not copy "C:\Users\Tam Phuc\Documents\AlphaCinema_Project\backend\src\AlphaCinema.Core\bin\Debug\net9.0\AlphaCinema.Core.dll" to "bin\Debug\net9.0\AlphaCinema.Core.dll". Beginning retry 1 in 1000ms. The process cannot access the file 'C:\Users\Tam Phuc\Documents\AlphaCinema_Project\backend\src\AlphaCinema.API\bin\Debug\net9.0\AlphaCinema.Core.dll' because it is being used by another process. The file is locked by: "AlphaCinema.API (29108)" [C:\Users\Tam Phuc\Documents\AlphaCinema_Project\backend\src\AlphaCinema.API\AlphaCinema.API.csproj]
         C:\Program Files\dotnet\sdk\9.0.304\Microsoft.Common.CurrentVersion.targets(5093,5): warning MSB3026: Could not copy "C:\Users\Tam Phuc\Documents\AlphaCinema_Project\backend\src\AlphaCinema.Infrastructure\bin\Debug\net9.0\AlphaCinema.Infrastructure.dll" to "bin\Debug\net9.0\AlphaCinema.Infrastructure.dll". Beginning retry 1 in 1000ms. The process cannot access the file 'C:\Users\Tam Phuc\Documents\AlphaCinema_Project\backend\src\AlphaCinema.API\bin\Debug\net9.0\AlphaCinema.Infrastructure.dll' because it is being used by another process. The file is locked by: "AlphaCinema.API (29108)" [C:\Users\Tam Phuc\Documents\AlphaCinema_Project\backend\src\AlphaCinema.API\AlphaCinema.API.csproj]
         C:\Program Files\dotnet\sdk\9.0.304\Microsoft.Common.CurrentVersion.targets(5093,5): warning MSB3026: Could not copy "C:\Users\Tam Phuc\Documents\AlphaCinema_Project\backend\src\AlphaCinema.Services\bin\Debug\net9.0\AlphaCinema.Services.dll" to "bin\Debug\net9.0\AlphaCinema.Services.dll". Beginning retry 2 in 1000ms. The process cannot access the file 'C:\Users\Tam Phuc\Documents\AlphaCinema_Project\backend\src\AlphaCinema.API\bin\Debug\net9.0\AlphaCinema.Services.dll' because it is being used by another process. The file is locked by: "AlphaCinema.API (29108)" [C:\Users\Tam Phuc\Documents\AlphaCinema_Project\backend\src\AlphaCinema.API\AlphaCinema.API.csproj]
         C:\Program Files\dotnet\sdk\9.0.304\Microsoft.Common.CurrentVersion.targets(5093,5): warning MSB3026: Could not copy "C:\Users\Tam Phuc\Documents\AlphaCinema_Project\backend\src\AlphaCinema.Core\bin\Debug\net9.0\AlphaCinema.Core.dll" to "bin\Debug\net9.0\AlphaCinema.Core.dll". Beginning retry 2 in 1000ms. The process cannot access the file 'C:\Users\Tam Phuc\Documents\AlphaCinema_Project\backend\src\AlphaCinema.API\bin\Debug\net9.0\AlphaCinema.Core.dll' because it is being used by another process. The file is locked by: "AlphaCinema.API (29108)" [C:\Users\Tam Phuc\Documents\AlphaCinema_Project\backend\src\AlphaCinema.API\AlphaCinema.API.csproj]
         C:\Program Files\dotnet\sdk\9.0.304\Microsoft.Common.CurrentVersion.targets(5093,5): warning MSB3026: Could not copy "C:\Users\Tam Phuc\Documents\AlphaCinema_Project\backend\src\AlphaCinema.Infrastructure\bin\Debug\net9.0\AlphaCinema.Infrastructure.dll" to "bin\Debug\net9.0\AlphaCinema.Infrastructure.dll". Beginning retry 2 in 1000ms. The process cannot access the file 'C:\Users\Tam Phuc\Documents\AlphaCinema_Project\backend\src\AlphaCinema.API\bin\Debug\net9.0\AlphaCinema.Infrastructure.dll' because it is being used by another process. The file is locked by: "AlphaCinema.API (29108)" [C:\Users\Tam Phuc\Documents\AlphaCinema_Project\backend\src\AlphaCinema.API\AlphaCinema.API.csproj]
         C:\Program Files\dotnet\sdk\9.0.304\Microsoft.Common.CurrentVersion.targets(5093,5): warning MSB3026: Could not copy "C:\Users\Tam Phuc\Documents\AlphaCinema_Project\backend\src\AlphaCinema.Services\bin\Debug\net9.0\AlphaCinema.Services.dll" to "bin\Debug\net9.0\AlphaCinema.Services.dll". Beginning retry 3 in 1000ms. The process cannot access the file 'C:\Users\Tam Phuc\Documents\AlphaCinema_Project\backend\src\AlphaCinema.API\bin\Debug\net9.0\AlphaCinema.Services.dll' because it is being used by another process. The file is locked by: "AlphaCinema.API (29108)" [C:\Users\Tam Phuc\Documents\AlphaCinema_Project\backend\src\AlphaCinema.API\AlphaCinema.API.csproj]
         C:\Program Files\dotnet\sdk\9.0.304\Microsoft.Common.CurrentVersion.targets(5093,5): warning MSB3026: Could not copy "C:\Users\Tam Phuc\Documents\AlphaCinema_Project\backend\src\AlphaCinema.Core\bin\Debug\net9.0\AlphaCinema.Core.dll" to "bin\Debug\net9.0\AlphaCinema.Core.dll". Beginning retry 3 in 1000ms. The process cannot access the file 'C:\Users\Tam Phuc\Documents\AlphaCinema_Project\backend\src\AlphaCinema.API\bin\Debug\net9.0\AlphaCinema.Core.dll' because it is being used by another process. The file is locked by: "AlphaCinema.API (29108)" [C:\Users\Tam Phuc\Documents\AlphaCinema_Project\backend\src\AlphaCinema.API\AlphaCinema.API.csproj]
         C:\Program Files\dotnet\sdk\9.0.304\Microsoft.Common.CurrentVersion.targets(5093,5): warning MSB3026: Could not copy "C:\Users\Tam Phuc\Documents\AlphaCinema_Project\backend\src\AlphaCinema.Infrastructure\bin\Debug\net9.0\AlphaCinema.Infrastructure.dll" to "bin\Debug\net9.0\AlphaCinema.Infrastructure.dll". Beginning retry 3 in 1000ms. The process cannot access the file 'C:\Users\Tam Phuc\Documents\AlphaCinema_Project\backend\src\AlphaCinema.API\bin\Debug\net9.0\AlphaCinema.Infrastructure.dll' because it is being used by another process. The file is locked by: "AlphaCinema.API (29108)" [C:\Users\Tam Phuc\Documents\AlphaCinema_Project\backend\src\AlphaCinema.API\AlphaCinema.API.csproj]
         C:\Program Files\dotnet\sdk\9.0.304\Microsoft.Common.CurrentVersion.targets(5093,5): warning MSB3026: Could not copy "C:\Users\Tam Phuc\Documents\AlphaCinema_Project\backend\src\AlphaCinema.Services\bin\Debug\net9.0\AlphaCinema.Services.dll" to "bin\Debug\net9.0\AlphaCinema.Services.dll". Beginning retry 4 in 1000ms. The process cannot access the file 'C:\Users\Tam Phuc\Documents\AlphaCinema_Project\backend\src\AlphaCinema.API\bin\Debug\net9.0\AlphaCinema.Services.dll' because it is being used by another process. The file is locked by: "AlphaCinema.API (29108)" [C:\Users\Tam Phuc\Documents\AlphaCinema_Project\backend\src\AlphaCinema.API\AlphaCinema.API.csproj]
         C:\Program Files\dotnet\sdk\9.0.304\Microsoft.Common.CurrentVersion.targets(5093,5): warning MSB3026: Could not copy "C:\Users\Tam Phuc\Documents\AlphaCinema_Project\backend\src\AlphaCinema.Infrastructure\bin\Debug\net9.0\AlphaCinema.Infrastructure.dll" to "bin\Debug\net9.0\AlphaCinema.Infrastructure.dll". Beginning retry 4 in 1000ms. The process cannot access the file 'C:\Users\Tam Phuc\Documents\AlphaCinema_Project\backend\src\AlphaCinema.API\bin\Debug\net9.0\AlphaCinema.Infrastructure.dll' because it is being used by another process. The file is locked by: "AlphaCinema.API (29108)" [C:\Users\Tam Phuc\Documents\AlphaCinema_Project\backend\src\AlphaCinema.API\AlphaCinema.API.csproj]
         C:\Program Files\dotnet\sdk\9.0.304\Microsoft.Common.CurrentVersion.targets(5093,5): warning MSB3026: Could not copy "C:\Users\Tam Phuc\Documents\AlphaCinema_Project\backend\src\AlphaCinema.Core\bin\Debug\net9.0\AlphaCinema.Core.dll" to "bin\Debug\net9.0\AlphaCinema.Core.dll". Beginning retry 4 in 1000ms. The process cannot access the file 'C:\Users\Tam Phuc\Documents\AlphaCinema_Project\backend\src\AlphaCinema.API\bin\Debug\net9.0\AlphaCinema.Core.dll' because it is being used by another process. The file is locked by: "AlphaCinema.API (29108)" [C:\Users\Tam Phuc\Documents\AlphaCinema_Project\backend\src\AlphaCinema.API\AlphaCinema.API.csproj]
         C:\Program Files\dotnet\sdk\9.0.304\Microsoft.Common.CurrentVersion.targets(5093,5): warning MSB3026: Could not copy "C:\Users\Tam Phuc\Documents\AlphaCinema_Project\backend\src\AlphaCinema.Services\bin\Debug\net9.0\AlphaCinema.Services.dll" to "bin\Debug\net9.0\AlphaCinema.Services.dll". Beginning retry 5 in 1000ms. The process cannot access the file 'C:\Users\Tam Phuc\Documents\AlphaCinema_Project\backend\src\AlphaCinema.API\bin\Debug\net9.0\AlphaCinema.Services.dll' because it is being used by another process. The file is locked by: "AlphaCinema.API (29108)" [C:\Users\Tam Phuc\Documents\AlphaCinema_Project\backend\src\AlphaCinema.API\AlphaCinema.API.csproj]
         C:\Program Files\dotnet\sdk\9.0.304\Microsoft.Common.CurrentVersion.targets(5093,5): warning MSB3026: Could not copy "C:\Users\Tam Phuc\Documents\AlphaCinema_Project\backend\src\AlphaCinema.Infrastructure\bin\Debug\net9.0\AlphaCinema.Infrastructure.dll" to "bin\Debug\net9.0\AlphaCinema.Infrastructure.dll". Beginning retry 5 in 1000ms. The process cannot access the file 'C:\Users\Tam Phuc\Documents\AlphaCinema_Project\backend\src\AlphaCinema.API\bin\Debug\net9.0\AlphaCinema.Infrastructure.dll' because it is being used by another process. The file is locked by: "AlphaCinema.API (29108)" [C:\Users\Tam Phuc\Documents\AlphaCinema_Project\backend\src\AlphaCinema.API\AlphaCinema.API.csproj]
         C:\Program Files\dotnet\sdk\9.0.304\Microsoft.Common.CurrentVersion.targets(5093,5): warning MSB3026: Could not copy "C:\Users\Tam Phuc\Documents\AlphaCinema_Project\backend\src\AlphaCinema.Core\bin\Debug\net9.0\AlphaCinema.Core.dll" to "bin\Debug\net9.0\AlphaCinema.Core.dll". Beginning retry 5 in 1000ms. The process cannot access the file 'C:\Users\Tam Phuc\Documents\AlphaCinema_Project\backend\src\AlphaCinema.API\bin\Debug\net9.0\AlphaCinema.Core.dll' because it is being used by another process. The file is locked by: "AlphaCinema.API (29108)" [C:\Users\Tam Phuc\Documents\AlphaCinema_Project\backend\src\AlphaCinema.API\AlphaCinema.API.csproj]
         C:\Program Files\dotnet\sdk\9.0.304\Microsoft.Common.CurrentVersion.targets(5093,5): warning MSB3026: Could not copy "C:\Users\Tam Phuc\Documents\AlphaCinema_Project\backend\src\AlphaCinema.Services\bin\Debug\net9.0\AlphaCinema.Services.dll" to "bin\Debug\net9.0\AlphaCinema.Services.dll". Beginning retry 6 in 1000ms. The process cannot access the file 'C:\Users\Tam Phuc\Documents\AlphaCinema_Project\backend\src\AlphaCinema.API\bin\Debug\net9.0\AlphaCinema.Services.dll' because it is being used by another process. The file is locked by: "AlphaCinema.API (29108)" [C:\Users\Tam Phuc\Documents\AlphaCinema_Project\backend\src\AlphaCinema.API\AlphaCinema.API.csproj]
         C:\Program Files\dotnet\sdk\9.0.304\Microsoft.Common.CurrentVersion.targets(5093,5): warning MSB3026: Could not copy "C:\Users\Tam Phuc\Documents\AlphaCinema_Project\backend\src\AlphaCinema.Infrastructure\bin\Debug\net9.0\AlphaCinema.Infrastructure.dll" to "bin\Debug\net9.0\AlphaCinema.Infrastructure.dll". Beginning retry 6 in 1000ms. The process cannot access the file 'C:\Users\Tam Phuc\Documents\AlphaCinema_Project\backend\src\AlphaCinema.API\bin\Debug\net9.0\AlphaCinema.Infrastructure.dll' because it is being used by another process. The file is locked by: "AlphaCinema.API (29108)" [C:\Users\Tam Phuc\Documents\AlphaCinema_Project\backend\src\AlphaCinema.API\AlphaCinema.API.csproj]
         C:\Program Files\dotnet\sdk\9.0.304\Microsoft.Common.CurrentVersion.targets(5093,5): warning MSB3026: Could not copy "C:\Users\Tam Phuc\Documents\AlphaCinema_Project\backend\src\AlphaCinema.Core\bin\Debug\net9.0\AlphaCinema.Core.dll" to "bin\Debug\net9.0\AlphaCinema.Core.dll". Beginning retry 6 in 1000ms. The process cannot access the file 'C:\Users\Tam Phuc\Documents\AlphaCinema_Project\backend\src\AlphaCinema.API\bin\Debug\net9.0\AlphaCinema.Core.dll' because it is being used by another process. The file is locked by: "AlphaCinema.API (29108)" [C:\Users\Tam Phuc\Documents\AlphaCinema_Project\backend\src\AlphaCinema.API\AlphaCinema.API.csproj]
         C:\Program Files\dotnet\sdk\9.0.304\Microsoft.Common.CurrentVersion.targets(5093,5): warning MSB3026: Could not copy "C:\Users\Tam Phuc\Documents\AlphaCinema_Project\backend\src\AlphaCinema.Services\bin\Debug\net9.0\AlphaCinema.Services.dll" to "bin\Debug\net9.0\AlphaCinema.Services.dll". Beginning retry 7 in 1000ms. The process cannot access the file 'C:\Users\Tam Phuc\Documents\AlphaCinema_Project\backend\src\AlphaCinema.API\bin\Debug\net9.0\AlphaCinema.Services.dll' because it is being used by another process. The file is locked by: "AlphaCinema.API (29108)" [C:\Users\Tam Phuc\Documents\AlphaCinema_Project\backend\src\AlphaCinema.API\AlphaCinema.API.csproj]
         C:\Program Files\dotnet\sdk\9.0.304\Microsoft.Common.CurrentVersion.targets(5093,5): warning MSB3026: Could not copy "C:\Users\Tam Phuc\Documents\AlphaCinema_Project\backend\src\AlphaCinema.Core\bin\Debug\net9.0\AlphaCinema.Core.dll" to "bin\Debug\net9.0\AlphaCinema.Core.dll". Beginning retry 7 in 1000ms. The process cannot access the file 'C:\Users\Tam Phuc\Documents\AlphaCinema_Project\backend\src\AlphaCinema.API\bin\Debug\net9.0\AlphaCinema.Core.dll' because it is being used by another process. The file is locked by: "AlphaCinema.API (29108)" [C:\Users\Tam Phuc\Documents\AlphaCinema_Project\backend\src\AlphaCinema.API\AlphaCinema.API.csproj]
         C:\Program Files\dotnet\sdk\9.0.304\Microsoft.Common.CurrentVersion.targets(5093,5): warning MSB3026: Could not copy "C:\Users\Tam Phuc\Documents\AlphaCinema_Project\backend\src\AlphaCinema.Infrastructure\bin\Debug\net9.0\AlphaCinema.Infrastructure.dll" to "bin\Debug\net9.0\AlphaCinema.Infrastructure.dll". Beginning retry 7 in 1000ms. The process cannot access the file 'C:\Users\Tam Phuc\Documents\AlphaCinema_Project\backend\src\AlphaCinema.API\bin\Debug\net9.0\AlphaCinema.Infrastructure.dll' because it is being used by another process. The file is locked by: "AlphaCinema.API (29108)" [C:\Users\Tam Phuc\Documents\AlphaCinema_Project\backend\src\AlphaCinema.API\AlphaCinema.API.csproj]
         C:\Program Files\dotnet\sdk\9.0.304\Microsoft.Common.CurrentVersion.targets(5093,5): warning MSB3026: Could not copy "C:\Users\Tam Phuc\Documents\AlphaCinema_Project\backend\src\AlphaCinema.Services\bin\Debug\net9.0\AlphaCinema.Services.dll" to "bin\Debug\net9.0\AlphaCinema.Services.dll". Beginning retry 8 in 1000ms. The process cannot access the file 'C:\Users\Tam Phuc\Documents\AlphaCinema_Project\backend\src\AlphaCinema.API\bin\Debug\net9.0\AlphaCinema.Services.dll' because it is being used by another process. The file is locked by: "AlphaCinema.API (29108)" [C:\Users\Tam Phuc\Documents\AlphaCinema_Project\backend\src\AlphaCinema.API\AlphaCinema.API.csproj]
         C:\Program Files\dotnet\sdk\9.0.304\Microsoft.Common.CurrentVersion.targets(5093,5): warning MSB3026: Could not copy "C:\Users\Tam Phuc\Documents\AlphaCinema_Project\backend\src\AlphaCinema.Infrastructure\bin\Debug\net9.0\AlphaCinema.Infrastructure.dll" to "bin\Debug\net9.0\AlphaCinema.Infrastructure.dll". Beginning retry 8 in 1000ms. The process cannot access the file 'C:\Users\Tam Phuc\Documents\AlphaCinema_Project\backend\src\AlphaCinema.API\bin\Debug\net9.0\AlphaCinema.Infrastructure.dll' because it is being used by another process. The file is locked by: "AlphaCinema.API (29108)" [C:\Users\Tam Phuc\Documents\AlphaCinema_Project\backend\src\AlphaCinema.API\AlphaCinema.API.csproj]
         C:\Program Files\dotnet\sdk\9.0.304\Microsoft.Common.CurrentVersion.targets(5093,5): warning MSB3026: Could not copy "C:\Users\Tam Phuc\Documents\AlphaCinema_Project\backend\src\AlphaCinema.Core\bin\Debug\net9.0\AlphaCinema.Core.dll" to "bin\Debug\net9.0\AlphaCinema.Core.dll". Beginning retry 8 in 1000ms. The process cannot access the file 'C:\Users\Tam Phuc\Documents\AlphaCinema_Project\backend\src\AlphaCinema.API\bin\Debug\net9.0\AlphaCinema.Core.dll' because it is being used by another process. The file is locked by: "AlphaCinema.API (29108)" [C:\Users\Tam Phuc\Documents\AlphaCinema_Project\backend\src\AlphaCinema.API\AlphaCinema.API.csproj]
         C:\Program Files\dotnet\sdk\9.0.304\Microsoft.Common.CurrentVersion.targets(5093,5): warning MSB3026: Could not copy "C:\Users\Tam Phuc\Documents\AlphaCinema_Project\backend\src\AlphaCinema.Services\bin\Debug\net9.0\AlphaCinema.Services.dll" to "bin\Debug\net9.0\AlphaCinema.Services.dll". Beginning retry 9 in 1000ms. The process cannot access the file 'C:\Users\Tam Phuc\Documents\AlphaCinema_Project\backend\src\AlphaCinema.API\bin\Debug\net9.0\AlphaCinema.Services.dll' because it is being used by another process. The file is locked by: "AlphaCinema.API (29108)" [C:\Users\Tam Phuc\Documents\AlphaCinema_Project\backend\src\AlphaCinema.API\AlphaCinema.API.csproj]
         C:\Program Files\dotnet\sdk\9.0.304\Microsoft.Common.CurrentVersion.targets(5093,5): warning MSB3026: Could not copy "C:\Users\Tam Phuc\Documents\AlphaCinema_Project\backend\src\AlphaCinema.Core\bin\Debug\net9.0\AlphaCinema.Core.dll" to "bin\Debug\net9.0\AlphaCinema.Core.dll". Beginning retry 9 in 1000ms. The process cannot access the file 'C:\Users\Tam Phuc\Documents\AlphaCinema_Project\backend\src\AlphaCinema.API\bin\Debug\net9.0\AlphaCinema.Core.dll' because it is being used by another process. The file is locked by: "AlphaCinema.API (29108)" [C:\Users\Tam Phuc\Documents\AlphaCinema_Project\backend\src\AlphaCinema.API\AlphaCinema.API.csproj]
         C:\Program Files\dotnet\sdk\9.0.304\Microsoft.Common.CurrentVersion.targets(5093,5): warning MSB3026: Could not copy "C:\Users\Tam Phuc\Documents\AlphaCinema_Project\backend\src\AlphaCinema.Infrastructure\bin\Debug\net9.0\AlphaCinema.Infrastructure.dll" to "bin\Debug\net9.0\AlphaCinema.Infrastructure.dll". Beginning retry 9 in 1000ms. The process cannot access the file 'C:\Users\Tam Phuc\Documents\AlphaCinema_Project\backend\src\AlphaCinema.API\bin\Debug\net9.0\AlphaCinema.Infrastructure.dll' because it is being used by another process. The file is locked by: "AlphaCinema.API (29108)" [C:\Users\Tam Phuc\Documents\AlphaCinema_Project\backend\src\AlphaCinema.API\AlphaCinema.API.csproj]
         C:\Program Files\dotnet\sdk\9.0.304\Microsoft.Common.CurrentVersion.targets(5093,5): warning MSB3026: Could not copy "C:\Users\Tam Phuc\Documents\AlphaCinema_Project\backend\src\AlphaCinema.Services\bin\Debug\net9.0\AlphaCinema.Services.dll" to "bin\Debug\net9.0\AlphaCinema.Services.dll". Beginning retry 10 in 1000ms. The process cannot access the file 'C:\Users\Tam Phuc\Documents\AlphaCinema_Project\backend\src\AlphaCinema.API\bin\Debug\net9.0\AlphaCinema.Services.dll' because it is being used by another process. The file is locked by: "AlphaCinema.API (29108)" [C:\Users\Tam Phuc\Documents\AlphaCinema_Project\backend\src\AlphaCinema.API\AlphaCinema.API.csproj]
         C:\Program Files\dotnet\sdk\9.0.304\Microsoft.Common.CurrentVersion.targets(5093,5): warning MSB3026: Could not copy "C:\Users\Tam Phuc\Documents\AlphaCinema_Project\backend\src\AlphaCinema.Core\bin\Debug\net9.0\AlphaCinema.Core.dll" to "bin\Debug\net9.0\AlphaCinema.Core.dll". Beginning retry 10 in 1000ms. The process cannot access the file 'C:\Users\Tam Phuc\Documents\AlphaCinema_Project\backend\src\AlphaCinema.API\bin\Debug\net9.0\AlphaCinema.Core.dll' because it is being used by another process. The file is locked by: "AlphaCinema.API (29108)" [C:\Users\Tam Phuc\Documents\AlphaCinema_Project\backend\src\AlphaCinema.API\AlphaCinema.API.csproj]
         C:\Program Files\dotnet\sdk\9.0.304\Microsoft.Common.CurrentVersion.targets(5093,5): warning MSB3026: Could not copy "C:\Users\Tam Phuc\Documents\AlphaCinema_Project\backend\src\AlphaCinema.Infrastructure\bin\Debug\net9.0\AlphaCinema.Infrastructure.dll" to "bin\Debug\net9.0\AlphaCinema.Infrastructure.dll". Beginning retry 10 in 1000ms. The process cannot access the file 'C:\Users\Tam Phuc\Documents\AlphaCinema_Project\backend\src\AlphaCinema.API\bin\Debug\net9.0\AlphaCinema.Infrastructure.dll' because it is being used by another process. The file is locked by: "AlphaCinema.API (29108)" [C:\Users\Tam Phuc\Documents\AlphaCinema_Project\backend\src\AlphaCinema.API\AlphaCinema.API.csproj]


       "C:\Users\Tam Phuc\Documents\AlphaCinema_Project\backend\src\AlphaCinema.API\AlphaCinema.API.csproj" (default target) (1:7) ->
       (_CopyFilesMarkedCopyLocal target) -> 
         C:\Program Files\dotnet\sdk\9.0.304\Microsoft.Common.CurrentVersion.targets(5093,5): error MSB3027: Could not copy "C:\Users\Tam Phuc\Documents\AlphaCinema_Project\backend\src\AlphaCinema.Services\bin\Debug\net9.0\AlphaCinema.Services.dll" to "bin\Debug\net9.0\AlphaCinema.Services.dll". Exceeded retry count of 10. Failed. The file is locked by: "AlphaCinema.API (29108)" [C:\Users\Tam Phuc\Documents\AlphaCinema_Project\backend\src\AlphaCinema.API\AlphaCinema.API.csproj]
         C:\Program Files\dotnet\sdk\9.0.304\Microsoft.Common.CurrentVersion.targets(5093,5): error MSB3021: Unable to copy file "C:\Users\Tam Phuc\Documents\AlphaCinema_Project\backend\src\AlphaCinema.Services\bin\Debug\net9.0\AlphaCinema.Services.dll" to "bin\Debug\net9.0\AlphaCinema.Services.dll". The process cannot access the file 'C:\Users\Tam Phuc\Documents\AlphaCinema_Project\backend\src\AlphaCinema.API\bin\Debug\net9.0\AlphaCinema.Services.dll' because it is being used by another process. [C:\Users\Tam Phuc\Documents\AlphaCinema_Project\backend\src\AlphaCinema.API\AlphaCinema.API.csproj]
         C:\Program Files\dotnet\sdk\9.0.304\Microsoft.Common.CurrentVersion.targets(5093,5): error MSB3027: Could not copy "C:\Users\Tam Phuc\Documents\AlphaCinema_Project\backend\src\AlphaCinema.Infrastructure\bin\Debug\net9.0\AlphaCinema.Infrastructure.dll" to "bin\Debug\net9.0\AlphaCinema.Infrastructure.dll". Exceeded retry count of 10. Failed. The file is locked by: "AlphaCinema.API (29108)" [C:\Users\Tam Phuc\Documents\AlphaCinema_Project\backend\src\AlphaCinema.API\AlphaCinema.API.csproj]
         C:\Program Files\dotnet\sdk\9.0.304\Microsoft.Common.CurrentVersion.targets(5093,5): error MSB3021: Unable to copy file "C:\Users\Tam Phuc\Documents\AlphaCinema_Project\backend\src\AlphaCinema.Infrastructure\bin\Debug\net9.0\AlphaCinema.Infrastructure.dll" to "bin\Debug\net9.0\AlphaCinema.Infrastructure.dll". The process cannot access the file 'C:\Users\Tam Phuc\Documents\AlphaCinema_Project\backend\src\AlphaCinema.API\bin\Debug\net9.0\AlphaCinema.Infrastructure.dll' because it is being used by another process. [C:\Users\Tam Phuc\Documents\AlphaCinema_Project\backend\src\AlphaCinema.API\AlphaCinema.API.csproj]
         C:\Program Files\dotnet\sdk\9.0.304\Microsoft.Common.CurrentVersion.targets(5093,5): error MSB3027: Could not copy "C:\Users\Tam Phuc\Documents\AlphaCinema_Project\backend\src\AlphaCinema.Core\bin\Debug\net9.0\AlphaCinema.Core.dll" to "bin\Debug\net9.0\AlphaCinema.Core.dll". Exceeded retry count of 10. Failed. The file is locked by: "AlphaCinema.API (29108)" [C:\Users\Tam Phuc\Documents\AlphaCinema_Project\backend\src\AlphaCinema.API\AlphaCinema.API.csproj]
         C:\Program Files\dotnet\sdk\9.0.304\Microsoft.Common.CurrentVersion.targets(5093,5): error MSB3021: Unable to copy file "C:\Users\Tam Phuc\Documents\AlphaCinema_Project\backend\src\AlphaCinema.Core\bin\Debug\net9.0\AlphaCinema.Core.dll" to "bin\Debug\net9.0\AlphaCinema.Core.dll". The process cannot access the file 'C:\Users\Tam Phuc\Documents\AlphaCinema_Project\backend\src\AlphaCinema.API\bin\Debug\net9.0\AlphaCinema.Core.dll' because it is being used by another process. [C:\Users\Tam Phuc\Documents\AlphaCinema_Project\backend\src\AlphaCinema.API\AlphaCinema.API.csproj]

    30 Warning(s)
    6 Error(s)

Time Elapsed 00:00:13.78
